2024/03/27 13:01:35 VM: vmwinsql54 not found in CommCell
2024/03/27 13:01:35 VM: justatest2 not found in CommCell
2024/03/27 13:01:36 VM: vmwinsqldr with 50069fa6-535d-ebc7-476a-78c2baca12e2 in-place restore started with JobID: 1523
2024/03/27 13:01:36 VM: justatest3 not found in CommCell
2024/03/27 13:11:42 VM: vmwinsql54 not found in CommCell
2024/03/27 13:11:42 VM: justatest2 not found in CommCell
2024/03/27 13:11:42 VM: vmwinsqldr with 50069fa6-535d-ebc7-476a-78c2baca12e2 in-place restore started with JobID: 1529
2024/03/27 13:11:42 VM: justatest3 not found in CommCell
2024/03/27 13:30:26 VM: vmwinsql54 not found in CommCell
2024/03/27 13:30:26 VM: justatest2 not found in CommCell
2024/03/27 13:30:26 VM: vmwinsqldr with 50069fa6-535d-ebc7-476a-78c2baca12e2 in-place restore started with JobID: 1536
2024/03/27 13:30:26 VM: justatest3 not found in CommCell
2024/03/27 13:34:03 VM: vmwinsql54 not found in CommCell
2024/03/27 13:34:03 VM: justatest2 not found in CommCell
2024/03/27 13:34:04 VM: vmwinsqldr with 50069fa6-535d-ebc7-476a-78c2baca12e2 in-place restore started with JobID: 1537
2024/03/27 13:34:04 VM: justatest3 not found in CommCell
2024/03/27 13:43:27 VM: vmwinsql54 not found in CommCell
2024/03/27 13:43:27 VM: justatest2 not found in CommCell
2024/03/27 13:43:28 VM: vmwinsqlDR with 50069fa6-535d-ebc7-476a-78c2baca12e2 in-place restore started with JobID: 1538
2024/03/27 13:43:28 VM: justatest3 not found in CommCell
2024/03/27 13:48:53 VM: vmwinsql54 not found in CommCell
2024/03/27 13:48:53 VM: justatest2 not found in CommCell
2024/03/27 13:48:53 VM: vmwinsqlDR with 50069fa6-535d-ebc7-476a-78c2baca12e2 in-place restore started with JobID: 1539
2024/03/27 13:48:53 VM: justatest3 not found in CommCell
2024/03/27 13:55:01 VM: vmwinsql54 not found in CommCell
2024/03/27 13:55:01 VM: justatest2 not found in CommCell
2024/03/27 13:55:01 VM: vmwinsqlDR with 50069fa6-535d-ebc7-476a-78c2baca12e2 in-place restore started with JobID: 
2024/03/27 13:55:01 VM: justatest3 not found in CommCell
2024/03/27 13:57:04 VM: vmwinsql54 not found in CommCell
2024/03/27 13:57:04 VM: justatest2 not found in CommCell
2024/03/27 13:57:04 VM: vmwinsqlDR with 50069fa6-535d-ebc7-476a-78c2baca12e2 in-place restore started with JobID: 
2024/03/27 13:57:04 VM: justatest3 not found in CommCell
2024/03/27 13:58:14 VM: vmwinsql54 not found in CommCell
2024/03/27 13:58:14 VM: justatest2 not found in CommCell
2024/03/27 13:58:14 VM: vmwinsqlDR with 50069fa6-535d-ebc7-476a-78c2baca12e2 in-place restore started with JobID: 1540
2024/03/27 13:58:14 VM: justatest3 not found in CommCell
2024/03/27 14:01:49 VM: vmwinsql54 not found in CommCell
2024/03/27 14:01:49 VM: justatest2 not found in CommCell
2024/03/27 14:01:49 VM: vmwinsqlDR with 50069fa6-535d-ebc7-476a-78c2baca12e2 in-place restore started with JobID: 1541
2024/03/27 14:01:49 VM: justatest3 not found in CommCell
2024/03/27 14:18:10 VM: vmwinsql54 not found in CommCell
2024/03/27 14:18:10 VM: justatest2 not found in CommCell
2024/03/27 14:18:10 VM: vmwinsqlDR with 50069fa6-535d-ebc7-476a-78c2baca12e2 in-place restore started with JobID: 1542
2024/03/27 14:18:10 VM: justatest3 not found in CommCell
2024/03/27 14:24:04 VM: vmwinsql54 not found in CommCell
2024/03/27 14:24:04 VM: justatest2 not found in CommCell
2024/03/27 14:24:04 VM: vmwinsqlDR with 50069fa6-535d-ebc7-476a-78c2baca12e2 in-place restore started with JobID: 1543
2024/03/27 14:24:04 VM: justatest3 not found in CommCell
